<?xml version="1.0" encoding="UTF-8"?>
<!-- Generated by org.testng.reporters.JUnitReportReporter -->
<testsuite hostname="LTIN611913" failures="0" tests="3" name="com.cts.hackathonproject.testrunners.TestScenario3" time="59.230" errors="0" timestamp="2025-07-24T21:32:28 IST" skipped="0">
  <testcase classname="com.cts.hackathonproject.testrunners.TestScenario3" name="checkIfEnterpriseIsPresent" time="14.691"/>
  <testcase classname="com.cts.hackathonproject.testrunners.TestScenario3" name="debug" time="21.288"/>
  <testcase classname="com.cts.hackathonproject.testrunners.TestScenario3" name="clickOnForEnterpriseOption" time="23.251"/>
</testsuite> <!-- com.cts.hackathonproject.testrunners.TestScenario3 -->
