<?xml version="1.0" encoding="UTF-8"?>
<!-- Generated by org.testng.reporters.JUnitReportReporter -->
<testsuite hostname="LTIN611913" failures="0" tests="7" name="com.cts.hackathonproject.testrunners.TestScenario1" time="377.615" errors="0" timestamp="2025-07-25T12:23:21 IST" skipped="0">
  <testcase classname="com.cts.hackathonproject.testrunners.TestScenario1" name="checkTotalLearningHours" time="73.297"/>
  <testcase classname="com.cts.hackathonproject.testrunners.TestScenario1" name="verifyIfCourseCardAndLinkAreSame" time="63.220"/>
  <testcase classname="com.cts.hackathonproject.testrunners.TestScenario1" name="verifyIfCourseCardsArePresentAfterApplyingFilters" time="52.656"/>
  <testcase classname="com.cts.hackathonproject.testrunners.TestScenario1" name="checkRatings" time="67.754"/>
  <testcase classname="com.cts.hackathonproject.testrunners.TestScenario1" name="verifyIfCoursesAreDisplayed" time="36.971"/>
  <testcase classname="com.cts.hackathonproject.testrunners.TestScenario1" name="verifyCourseLinksOpening" time="37.904"/>
  <testcase classname="com.cts.hackathonproject.testrunners.TestScenario1" name="verifyIfFiltersAreAppliedProperly" time="45.813"/>
</testsuite> <!-- com.cts.hackathonproject.testrunners.TestScenario1 -->
