<?xml version="1.0" encoding="UTF-8"?>
<!-- Generated by org.testng.reporters.JUnitReportReporter -->
<testsuite hostname="LTIN609482" failures="0" tests="7" name="com.cts.hackathonproject.testrunners.TestScenario3" time="200.487" errors="0" timestamp="2025-07-25T12:54:21 IST" skipped="0">
  <testcase classname="com.cts.hackathonproject.testrunners.TestScenario3" name="checkIfEnterpriseIsPresent" time="18.944"/>
  <testcase classname="com.cts.hackathonproject.testrunners.TestScenario3" name="debug" time="34.136"/>
  <testcase classname="com.cts.hackathonproject.testrunners.TestScenario3" name="verifyClickActionOnForEnterpriseOption" time="26.917"/>
  <testcase classname="com.cts.hackathonproject.testrunners.TestScenario3" name="clickOnForEnterpriseOption" time="30.220"/>
  <testcase classname="com.cts.hackathonproject.testrunners.TestScenario3" name="verifyFormPresenceInEnterprisePage" time="25.853"/>
  <testcase classname="com.cts.hackathonproject.testrunners.TestScenario3" name="validateMandatoryFieldErrorOnFormBasedOnEmail" time="32.840"/>
  <testcase classname="com.cts.hackathonproject.testrunners.TestScenario3" name="validateMandatoryFieldErrorOnFormBasedOnPhoneNumber" time="31.577"/>
</testsuite> <!-- com.cts.hackathonproject.testrunners.TestScenario3 -->
