<?xml version="1.0" encoding="UTF-8"?>
<!-- Generated by org.testng.reporters.JUnitReportReporter -->
<testsuite hostname="LTIN611913" failures="0" tests="7" name="com.cts.hackathonproject.testrunners.TestScenario2" time="827.333" errors="0" timestamp="2025-07-25T15:15:09 IST" skipped="0">
  <testcase classname="com.cts.hackathonproject.testrunners.TestScenario2" name="verifyIfExploreCategoriesPageIsPresent" time="45.246"/>
  <testcase classname="com.cts.hackathonproject.testrunners.TestScenario2" name="verifyIfAllOptionsAreDisplayed" time="77.228"/>
  <testcase classname="com.cts.hackathonproject.testrunners.TestScenario2" name="clickOnRequiredCategory" time="103.971"/>
  <testcase classname="com.cts.hackathonproject.testrunners.TestScenario2" name="extractListOfLanguagesOffered" time="129.849"/>
  <testcase classname="com.cts.hackathonproject.testrunners.TestScenario2" name="extractLevelsPerLanguage" time="173.278"/>
  <testcase classname="com.cts.hackathonproject.testrunners.TestScenario2" name="getCountOfLanguages" time="110.391"/>
  <testcase classname="com.cts.hackathonproject.testrunners.TestScenario2" name="getCountOfLevels" time="187.370"/>
</testsuite> <!-- com.cts.hackathonproject.testrunners.TestScenario2 -->
