<?xml version="1.0" encoding="UTF-8"?>
<!-- Generated by org.testng.reporters.JUnitReportReporter -->
<testsuite hostname="LTIN611913" failures="0" tests="7" name="com.cts.hackathonproject.testrunners.TestScenario2" time="565.905" errors="0" timestamp="2025-07-24T16:38:43 IST" skipped="0">
  <testcase classname="com.cts.hackathonproject.testrunners.TestScenario2" name="verifyIfExploreCategoriesPageIsPresent" time="26.077"/>
  <testcase classname="com.cts.hackathonproject.testrunners.TestScenario2" name="verifyIfAllOptionsAreDisplayed" time="21.903"/>
  <testcase classname="com.cts.hackathonproject.testrunners.TestScenario2" name="clickOnRequiredCategory" time="66.771"/>
  <testcase classname="com.cts.hackathonproject.testrunners.TestScenario2" name="extractListOfLanguagesOffered" time="245.219"/>
  <testcase classname="com.cts.hackathonproject.testrunners.TestScenario2" name="extractLevelsPerLanguage" time="72.047"/>
  <testcase classname="com.cts.hackathonproject.testrunners.TestScenario2" name="getCountOfLanguages" time="43.038"/>
  <testcase classname="com.cts.hackathonproject.testrunners.TestScenario2" name="getCountOfLevels" time="90.850"/>
</testsuite> <!-- com.cts.hackathonproject.testrunners.TestScenario2 -->
